<?xml version="1.0" encoding="UTF-8"?>
<!-- Generated by org.testng.reporters.JUnitXMLReporter -->
<testsuite ignored="0" hostname="Hameed" failures="0" tests="8" name="Default test" time="81.704" errors="0" timestamp="2024-07-25T16:00:34 IST">
  <testcase classname="test.TestExecution" name="validateloginFunction" time="2.974"/>
  <testcase classname="test.TestExecution" name="validateloginFunction" time="3.064"/>
  <testcase classname="test.TestExecution" name="validateloginFunction" time="2.13"/>
  <testcase classname="test.TestExecution" name="validateloginFunction" time="1.969"/>
  <testcase classname="test.TestExecution" name="validateAppointmentBooking" time="3.689"/>
  <testcase classname="test.TestExecution" name="validateAppointmentBookingInHistoryField" time="3.937"/>
  <testcase classname="test.TestExecution" name="validateHistoryFieldWithoutBooking" time="3.374"/>
  <testcase classname="test.TestExecution" name="validateEndToEnd" time="6.206"/>
</testsuite> <!-- Default test -->
