<?xml version="1.0" encoding="UTF-8"?>
<!-- Generated by org.testng.reporters.JUnitXMLReporter -->
<testsuite ignored="0" hostname="Hameed" failures="0" tests="8" name="Test" time="74.435" errors="0" timestamp="2024-07-25T15:57:37 IST">
  <testcase classname="test.TestExecution" name="validateloginFunction" time="2.865"/>
  <testcase classname="test.TestExecution" name="validateloginFunction" time="2.731"/>
  <testcase classname="test.TestExecution" name="validateloginFunction" time="2.225"/>
  <testcase classname="test.TestExecution" name="validateloginFunction" time="2.1"/>
  <testcase classname="test.TestExecution" name="validateAppointmentBooking" time="3.599"/>
  <testcase classname="test.TestExecution" name="validateAppointmentBookingInHistoryField" time="4.144"/>
  <testcase classname="test.TestExecution" name="validateHistoryFieldWithoutBooking" time="3.267"/>
  <testcase classname="test.TestExecution" name="validateEndToEnd" time="5.22"/>
</testsuite> <!-- Test -->
